#
# There is insufficient memory for the Java Runtime Environment to continue.
# Native memory allocation (mmap) failed to map 266338304 bytes for G1 virtual space
# Possible reasons:
#   The system is out of physical RAM or swap space
#   The process is running with CompressedOops enabled, and the Java Heap may be blocking the growth of the native heap
# Possible solutions:
#   Reduce memory load on the system
#   Increase physical memory or swap space
#   Check if swap backing store is full
#   Decrease Java heap size (-Xmx/-Xms)
#   Decrease number of Java threads
#   Decrease Java thread stack sizes (-Xss)
#   Set larger code cache with -XX:ReservedCodeCacheSize=
#   JVM is running with Zero Based Compressed Oops mode in which the Java heap is
#     placed in the first 32GB address space. The Java Heap base address is the
#     maximum limit for the native heap growth. Please use -XX:HeapBaseMinAddress
#     to set the Java Heap base and to place the Java Heap above 32GB virtual address.
# This output file may be truncated or incomplete.
#
#  Out of Memory Error (os_windows.cpp:3541), pid=163552, tid=174928
#
# JRE version:  (17.0.4.1+1) (build )
# Java VM: OpenJDK 64-Bit Server VM (17.0.4.1+1, mixed mode, sharing, tiered, compressed oops, compressed class ptrs, g1 gc, windows-amd64)
# No core dump will be written. Minidumps are not enabled by default on client versions of Windows
#

---------------  S U M M A R Y ------------

Command Line: -Dfile.encoding=UTF-8 -XX:+ShowCodeDetailsInExceptionMessages Restaurant.HomePage

Host: Intel(R) Core(TM) i5-10300H CPU @ 2.50GHz, 8 cores, 15G,  Windows 11 , 64 bit Build 22000 (10.0.22000.1219)
Time: Sun Dec 11 10:26:14 2022 SE Asia Standard Time elapsed time: 0.007623 seconds (0d 0h 0m 0s)

---------------  T H R E A D  ---------------

Current thread (0x000001b12bdc4560):  JavaThread "Unknown thread" [_thread_in_vm, id=174928, stack(0x000000a3dd900000,0x000000a3dda00000)]

Stack: [0x000000a3dd900000,0x000000a3dda00000]
Native frames: (J=compiled Java code, j=interpreted, Vv=VM code, C=native code)
V  [jvm.dll+0x67731a]
V  [jvm.dll+0x832284]
V  [jvm.dll+0x833a2e]
V  [jvm.dll+0x834093]
V  [jvm.dll+0x245775]
V  [jvm.dll+0x674209]
V  [jvm.dll+0x668a92]
V  [jvm.dll+0x30471b]
V  [jvm.dll+0x30bc66]
V  [jvm.dll+0x35ba9e]
V  [jvm.dll+0x35bccf]
V  [jvm.dll+0x2db5b8]
V  [jvm.dll+0x2dc524]
V  [jvm.dll+0x803db1]
V  [jvm.dll+0x3698f1]
V  [jvm.dll+0x7e31bc]
V  [jvm.dll+0x3ec25f]
V  [jvm.dll+0x3edde1]
C  [jli.dll+0x5277]
C  [ucrtbase.dll+0x26c0c]
C  [KERNEL32.DLL+0x15550]
C  [ntdll.dll+0x485b]


---------------  P R O C E S S  ---------------

Threads class SMR info:
_java_thread_list=0x00007ffd3ac04e98, length=0, elements={
}

Java Threads: ( => current thread )

Other Threads:
  0x000001b12be2cee0 GCTaskThread "GC Thread#0" [stack: 0x000000a3dda00000,0x000000a3ddb00000] [id=166576]
  0x000001b12be3e420 ConcurrentGCThread "G1 Main Marker" [stack: 0x000000a3ddb00000,0x000000a3ddc00000] [id=175000]
  0x000001b12be3ee30 ConcurrentGCThread "G1 Conc#0" [stack: 0x000000a3ddc00000,0x000000a3ddd00000] [id=171868]

[error occurred during error reporting (printing all threads), id 0xc0000005, EXCEPTION_ACCESS_VIOLATION (0xc0000005) at pc=0x00007ffd3a3dc047]

VM state: not at safepoint (not fully initialized)

VM Mutex/Monitor currently owned by a thread:  ([mutex/lock_event])
[0x000001b12bdc1850] Heap_lock - owner thread: 0x000001b12bdc4560

Heap address: 0x0000000703000000, size: 4048 MB, Compressed Oops mode: Zero based, Oop shift amount: 3

CDS archive(s) mapped at: [0x0000000000000000-0x0000000000000000-0x0000000000000000), size 0, SharedBaseAddress: 0x0000000800000000, ArchiveRelocationMode: 0.
Narrow klass base: 0x0000000000000000, Narrow klass shift: 0, Narrow klass range: 0x0

GC Precious Log:
<Empty>

Heap:
 garbage-first heap   total 0K, used 0K [0x0000000703000000, 0x0000000800000000)
  region size 2048K, 0 young (0K), 0 survivors (0K)

[error occurred during error reporting (printing heap information), id 0xc0000005, EXCEPTION_ACCESS_VIOLATION (0xc0000005) at pc=0x00007ffd3a7c0699]

GC Heap History (0 events):
No events

Deoptimization events (0 events):
No events

Classes unloaded (0 events):
No events

Classes redefined (0 events):
No events

Internal exceptions (0 events):
No events

VM Operations (0 events):
No events

Events (1 events):
Event: 0.005 Loaded shared library C:\Users\Thai Quang Nam\.p2\pool\plugins\org.eclipse.justj.openjdk.hotspot.jre.full.win32.x86_64_17.0.4.v20220903-1038\jre\bin\java.dll


Dynamic libraries:
0x00007ff60a5d0000 - 0x00007ff60a5de000 	C:\Users\Thai Quang Nam\.p2\pool\plugins\org.eclipse.justj.openjdk.hotspot.jre.full.win32.x86_64_17.0.4.v20220903-1038\jre\bin\javaw.exe
0x00007ffd93f20000 - 0x00007ffd94129000 	C:\WINDOWS\SYSTEM32\ntdll.dll
0x00007ffd930c0000 - 0x00007ffd9317e000 	C:\WINDOWS\System32\KERNEL32.DLL
0x00007ffd91880000 - 0x00007ffd91bfb000 	C:\WINDOWS\System32\KERNELBASE.dll
0x00007ffd91530000 - 0x00007ffd91641000 	C:\WINDOWS\System32\ucrtbase.dll
0x00007ffd83f30000 - 0x00007ffd83f48000 	C:\Users\Thai Quang Nam\.p2\pool\plugins\org.eclipse.justj.openjdk.hotspot.jre.full.win32.x86_64_17.0.4.v20220903-1038\jre\bin\jli.dll
0x00007ffd7e1b0000 - 0x00007ffd7e1c9000 	C:\Users\Thai Quang Nam\.p2\pool\plugins\org.eclipse.justj.openjdk.hotspot.jre.full.win32.x86_64_17.0.4.v20220903-1038\jre\bin\VCRUNTIME140.dll
0x00007ffd93280000 - 0x00007ffd9342d000 	C:\WINDOWS\System32\USER32.dll
0x00007ffd6fdb0000 - 0x00007ffd70055000 	C:\WINDOWS\WinSxS\amd64_microsoft.windows.common-controls_6595b64144ccf1df_6.0.22000.120_none_9d947278b86cc467\COMCTL32.dll
0x00007ffd913f0000 - 0x00007ffd91416000 	C:\WINDOWS\System32\win32u.dll
0x00007ffd92e00000 - 0x00007ffd92ea3000 	C:\WINDOWS\System32\msvcrt.dll
0x00007ffd93eb0000 - 0x00007ffd93ed9000 	C:\WINDOWS\System32\GDI32.dll
0x00007ffd91c00000 - 0x00007ffd91d18000 	C:\WINDOWS\System32\gdi32full.dll
0x00007ffd91490000 - 0x00007ffd9152d000 	C:\WINDOWS\System32\msvcp_win.dll
0x00007ffd92360000 - 0x00007ffd92392000 	C:\WINDOWS\System32\IMM32.DLL
0x00007ffd86ba0000 - 0x00007ffd86bac000 	C:\Users\Thai Quang Nam\.p2\pool\plugins\org.eclipse.justj.openjdk.hotspot.jre.full.win32.x86_64_17.0.4.v20220903-1038\jre\bin\vcruntime140_1.dll
0x00007ffd76d60000 - 0x00007ffd76df1000 	C:\Users\Thai Quang Nam\.p2\pool\plugins\org.eclipse.justj.openjdk.hotspot.jre.full.win32.x86_64_17.0.4.v20220903-1038\jre\bin\msvcp140.dll
0x00007ffd3a0f0000 - 0x00007ffd3ad36000 	C:\Users\Thai Quang Nam\.p2\pool\plugins\org.eclipse.justj.openjdk.hotspot.jre.full.win32.x86_64_17.0.4.v20220903-1038\jre\bin\server\jvm.dll
0x00007ffd922b0000 - 0x00007ffd9235e000 	C:\WINDOWS\System32\ADVAPI32.dll
0x00007ffd92210000 - 0x00007ffd922ae000 	C:\WINDOWS\System32\sechost.dll
0x00007ffd92ce0000 - 0x00007ffd92e00000 	C:\WINDOWS\System32\RPCRT4.dll
0x00007ffd92bc0000 - 0x00007ffd92bc8000 	C:\WINDOWS\System32\PSAPI.DLL
0x00007ffd72750000 - 0x00007ffd72759000 	C:\WINDOWS\SYSTEM32\WSOCK32.dll
0x00007ffd85030000 - 0x00007ffd85063000 	C:\WINDOWS\SYSTEM32\WINMM.dll
0x00007ffd86ce0000 - 0x00007ffd86cea000 	C:\WINDOWS\SYSTEM32\VERSION.dll
0x00007ffd93180000 - 0x00007ffd931ef000 	C:\WINDOWS\System32\WS2_32.dll
0x00007ffd90560000 - 0x00007ffd90578000 	C:\WINDOWS\SYSTEM32\kernel.appcore.dll
0x00007ffd83f20000 - 0x00007ffd83f2a000 	C:\Users\Thai Quang Nam\.p2\pool\plugins\org.eclipse.justj.openjdk.hotspot.jre.full.win32.x86_64_17.0.4.v20220903-1038\jre\bin\jimage.dll
0x00007ffd8ea80000 - 0x00007ffd8eca1000 	C:\WINDOWS\SYSTEM32\DBGHELP.DLL
0x00007ffd833d0000 - 0x00007ffd83401000 	C:\WINDOWS\SYSTEM32\dbgcore.DLL
0x00007ffd91d20000 - 0x00007ffd91d9f000 	C:\WINDOWS\System32\bcryptPrimitives.dll
0x00007ffd773c0000 - 0x00007ffd773e5000 	C:\Users\Thai Quang Nam\.p2\pool\plugins\org.eclipse.justj.openjdk.hotspot.jre.full.win32.x86_64_17.0.4.v20220903-1038\jre\bin\java.dll

dbghelp: loaded successfully - version: 4.0.5 - missing functions: none
symbol engine: initialized successfully - sym options: 0x614 - pdb path: .;C:\Users\Thai Quang Nam\.p2\pool\plugins\org.eclipse.justj.openjdk.hotspot.jre.full.win32.x86_64_17.0.4.v20220903-1038\jre\bin;C:\WINDOWS\SYSTEM32;C:\WINDOWS\WinSxS\amd64_microsoft.windows.common-controls_6595b64144ccf1df_6.0.22000.120_none_9d947278b86cc467;C:\Users\Thai Quang Nam\.p2\pool\plugins\org.eclipse.justj.openjdk.hotspot.jre.full.win32.x86_64_17.0.4.v20220903-1038\jre\bin\server

VM Arguments:
jvm_args: -Dfile.encoding=UTF-8 -XX:+ShowCodeDetailsInExceptionMessages 
java_command: Restaurant.HomePage
java_class_path (initial): D:\1. SCHOOL\3. JUNIOR\Java\Projects\TestingGUI\bin;D:\1. SCHOOL\3. JUNIOR\Java\Projects\TestingGUI\jgoodies-forms-1.8.0.jar
Launcher Type: SUN_STANDARD

[Global flags]
     intx CICompilerCount                          = 4                                         {product} {ergonomic}
     uint ConcGCThreads                            = 2                                         {product} {ergonomic}
     uint G1ConcRefinementThreads                  = 8                                         {product} {ergonomic}
   size_t G1HeapRegionSize                         = 2097152                                   {product} {ergonomic}
    uintx GCDrainStackTargetSize                   = 64                                        {product} {ergonomic}
   size_t InitialHeapSize                          = 266338304                                 {product} {ergonomic}
   size_t MarkStackSize                            = 4194304                                   {product} {ergonomic}
   size_t MaxHeapSize                              = 4244635648                                {product} {ergonomic}
   size_t MinHeapDeltaBytes                        = 2097152                                   {product} {ergonomic}
   size_t MinHeapSize                              = 8388608                                   {product} {ergonomic}
    uintx NonNMethodCodeHeapSize                   = 5839372                                {pd product} {ergonomic}
    uintx NonProfiledCodeHeapSize                  = 122909434                              {pd product} {ergonomic}
    uintx ProfiledCodeHeapSize                     = 122909434                              {pd product} {ergonomic}
    uintx ReservedCodeCacheSize                    = 251658240                              {pd product} {ergonomic}
     bool SegmentedCodeCache                       = true                                      {product} {ergonomic}
     bool ShowCodeDetailsInExceptionMessages       = true                                   {manageable} {command line}
   size_t SoftMaxHeapSize                          = 4244635648                             {manageable} {ergonomic}
     bool UseCompressedClassPointers               = true                           {product lp64_product} {ergonomic}
     bool UseCompressedOops                        = true                           {product lp64_product} {ergonomic}
     bool UseG1GC                                  = true                                      {product} {ergonomic}
     bool UseLargePagesIndividualAllocation        = false                                  {pd product} {ergonomic}

Logging:
Log output configuration:
 #0: stdout all=warning uptime,level,tags
 #1: stderr all=off uptime,level,tags

Environment Variables:
PATH=C:/Users/Thai Quang Nam/.p2/pool/plugins/org.eclipse.justj.openjdk.hotspot.jre.full.win32.x86_64_17.0.4.v20220903-1038/jre/bin/server;C:/Users/Thai Quang Nam/.p2/pool/plugins/org.eclipse.justj.openjdk.hotspot.jre.full.win32.x86_64_17.0.4.v20220903-1038/jre/bin;C:\Program Files (x86)\Common Files\Oracle\Java\javapath;C:\ProgramData\Oracle\Java\javapath;C:\Windows\system32;C:\Windows;C:\Windows\System32\Wbem;C:\Windows\System32\WindowsPowerShell\v1.0\;C:\Windows\System32\OpenSSH\;C:\Program Files (x86)\NVIDIA Corporation\PhysX\Common;C:\Program Files\NVIDIA Corporation\NVIDIA NvDLISR;C:\WINDOWS\system32;C:\WINDOWS;C:\WINDOWS\System32\Wbem;C:\WINDOWS\System32\WindowsPowerShell\v1.0\;C:\WINDOWS\System32\OpenSSH\;C:\Program Files\MATLAB\R2018b\runtime\win64;C:\Program Files\MATLAB\R2018b\bin;C:\Program Files\dotnet\;C:\Program Files\Microsoft SQL Server\130\Tools\Binn\;C:\Program Files\Microsoft SQL Server\Client SDK\ODBC\170\Tools\Binn\;C:\Program Files\nodejs\;C:\FFmpeg;C:\Program Files\Git\cmd\;C:\Program Files\Git\bin\;C:\Users\Thai Quang Nam\AppData\Local\Microsoft\WindowsApps;C:\Users\Thai Quang Nam\.dotnet\tools;C:\Program Files\JetBrains\PyCharm Community Edition 2021.2.2\bin;;C:\Users\Thai Quang Nam\AppData\Roaming\npm;C:\msys64\mingw64\bin;C:\Users\Thai Quang Nam\AppData\Local\Programs\Microsoft VS Code\bin;;C:\WINDOWS\System32;
USERNAME=Thai Quang Nam
OS=Windows_NT
PROCESSOR_IDENTIFIER=Intel64 Family 6 Model 165 Stepping 2, GenuineIntel
TMP=C:\Users\THAIQU~1\AppData\Local\Temp
TEMP=C:\Users\THAIQU~1\AppData\Local\Temp



---------------  S Y S T E M  ---------------

OS:
 Windows 11 , 64 bit Build 22000 (10.0.22000.1219)
OS uptime: 19 days 17:33 hours

CPU: total 8 (initial active 8) (4 cores per cpu, 2 threads per core) family 6 model 165 stepping 2 microcode 0xea, cx8, cmov, fxsr, ht, mmx, 3dnowpref, sse, sse2, sse3, ssse3, sse4.1, sse4.2, popcnt, lzcnt, tsc, tscinvbit, avx, avx2, aes, erms, clmul, bmi1, bmi2, adx, fma, vzeroupper, clflush, clflushopt

Memory: 4k page, system-wide physical 16185M (1766M free)
TotalPageFile size 54891M (AvailPageFile size 148M)
current process WorkingSet (physical memory assigned to process): 11M, peak: 11M
current process commit charge ("private bytes"): 60M, peak: 314M

vm_info: OpenJDK 64-Bit Server VM (17.0.4.1+1) for windows-amd64 JRE (17.0.4.1+1), built on Aug 17 2022 07:42:43 by "temurin" with MS VC++ 16.7 (VS2019)

END.
